<?xml version="1.0" encoding="UTF-8"?>
<!-- Generated by org.testng.reporters.JUnitReportReporter -->
<testsuite hostname="Manjushree" failures="0" tests="8" name="com.qa.sonyops.testcases.CatalogPageTest" time="268.674" errors="0" timestamp="5 May 2020 07:32:49 GMT">
  <testcase classname="com.qa.sonyops.testcases.CatalogPageTest" name="ValidateDashboardLabel" time="18.802"/>
  <testcase classname="com.qa.sonyops.testcases.CatalogPageTest" name="ValidateSearchForInvalidData" time="78.646"/>
  <testcase classname="com.qa.sonyops.testcases.CatalogPageTest" name="ValidateResultsAreDisplayedAccToAppliedFilters" time="47.784"/>
  <testcase classname="com.qa.sonyops.testcases.CatalogPageTest" name="ValidateActiveUserRole" time="17.957"/>
  <testcase classname="com.qa.sonyops.testcases.CatalogPageTest" name="ValidateSearchforValidData" time="27.311"/>
  <testcase classname="com.qa.sonyops.testcases.CatalogPageTest" name="ValidateCatalogPopUp" time="28.131"/>
  <testcase classname="com.qa.sonyops.testcases.CatalogPageTest" name="ValidateFilterPopUp" time="30.281"/>
  <testcase classname="com.qa.sonyops.testcases.CatalogPageTest" name="ValidateAutoSuggestionsIsDisplaying" time="19.762"/>
</testsuite> <!-- com.qa.sonyops.testcases.CatalogPageTest -->
