<?xml version="1.0" encoding="UTF-8"?>
<!-- Generated by org.testng.reporters.JUnitReportReporter -->
<testsuite hostname="Manjushree" failures="0" tests="3" name="com.qa.sonyops.testcases.CatalogPlayerPageTest" time="457.475" errors="0" timestamp="27 Apr 2020 11:21:48 GMT">
  <testcase classname="com.qa.sonyops.testcases.CatalogPlayerPageTest" name="ValidateAssetTitleInCatalogPopUp" time="178.688"/>
  <testcase classname="com.qa.sonyops.testcases.CatalogPlayerPageTest" name="Validate_SeriesStrataSave_CaptureAlertMessage" time="163.837"/>
  <testcase classname="com.qa.sonyops.testcases.CatalogPlayerPageTest" name="EnteringDataInEpisodeStrata_Save_CaptureSuccessMsg" time="114.950"/>
</testsuite> <!-- com.qa.sonyops.testcases.CatalogPlayerPageTest -->
