<?xml version="1.0" encoding="UTF-8"?>
<!-- Generated by org.testng.reporters.JUnitReportReporter -->
<testsuite hostname="Manjushree" failures="0" tests="4" name="com.qa.sonyops.testcases.SmarttaskerPageTest" time="144.657" errors="0" timestamp="19 Apr 2020 12:02:02 GMT">
  <testcase classname="com.qa.sonyops.testcases.SmarttaskerPageTest" name="ValidateSmartTaskerColumns" time="37.433"/>
  <testcase classname="com.qa.sonyops.testcases.SmarttaskerPageTest" name="ValidateWorFlowTemplatesAreListingUnderProcessTemplate" time="35.221"/>
  <testcase classname="com.qa.sonyops.testcases.SmarttaskerPageTest" name="ValidateAllWorkFlowTemplates" time="36.257"/>
  <testcase classname="com.qa.sonyops.testcases.SmarttaskerPageTest" name="ValidateSmartTaskerDashboardIsDisplaying" time="35.746"/>
</testsuite> <!-- com.qa.sonyops.testcases.SmarttaskerPageTest -->
