<?xml version="1.0" encoding="UTF-8"?>
<!-- Generated by org.testng.reporters.JUnitReportReporter -->
<testsuite hostname="Manjushree" failures="0" tests="2" name="com.qa.sonyops.testcases.SearchLibraryPageTest" time="133.532" errors="0" timestamp="6 May 2020 10:33:17 GMT">
  <testcase classname="com.qa.sonyops.testcases.SearchLibraryPageTest" name="ValidateAssetsAreDisplayingInListView" time="105.309"/>
  <testcase classname="com.qa.sonyops.testcases.SearchLibraryPageTest" name="ValidateAssetsAreDisplayingInGridView" time="28.223"/>
</testsuite> <!-- com.qa.sonyops.testcases.SearchLibraryPageTest -->
