<?xml version="1.0" encoding="UTF-8"?>
<!-- Generated by org.testng.reporters.JUnitReportReporter -->
<testsuite hostname="Manjushree" failures="0" tests="4" name="com.qa.sonyops.testcases.SubtitlePageTest" time="378.834" errors="0" timestamp="8 May 2020 14:12:20 GMT">
  <testcase classname="com.qa.sonyops.testcases.SubtitlePageTest" name="ValidateSubtitleStatusIsChangedAfterSubmittingStatus" time="26.812"/>
  <testcase classname="com.qa.sonyops.testcases.SubtitlePageTest" name="ValiadteEssenceUpload" time="88.563"/>
  <testcase classname="com.qa.sonyops.testcases.SubtitlePageTest" name="SubmitSubtitleStatusAndCaptureAlertMessage" time="117.349"/>
  <testcase classname="com.qa.sonyops.testcases.SubtitlePageTest" name="ValidateSubtitleStatusFilter" time="146.110"/>
</testsuite> <!-- com.qa.sonyops.testcases.SubtitlePageTest -->
