<?xml version="1.0" encoding="UTF-8"?>
<!-- Generated by org.testng.reporters.JUnitReportReporter -->
<testsuite hostname="Manjushree" failures="0" tests="10" name="com.qa.sonyops.testcases.HomePageCETest" time="232.265" errors="0" timestamp="6 May 2020 08:44:05 GMT">
  <testcase classname="com.qa.sonyops.testcases.HomePageCETest" name="ValidateLogoutFromCEportal" time="11.980"/>
  <testcase classname="com.qa.sonyops.testcases.HomePageCETest" name="ValidateSearchResult_ForInvalidData" time="42.810"/>
  <testcase classname="com.qa.sonyops.testcases.HomePageCETest" name="ValidateUploadDetailsPopup" time="11.405"/>
  <testcase classname="com.qa.sonyops.testcases.HomePageCETest" name="ValidateHomePage_isDisplayed" time="8.371"/>
  <testcase classname="com.qa.sonyops.testcases.HomePageCETest" name="ValidateTransferHistoryEntries" time="27.722"/>
  <testcase classname="com.qa.sonyops.testcases.HomePageCETest" name="ValidateRefreshFunctionality" time="10.429"/>
  <testcase classname="com.qa.sonyops.testcases.HomePageCETest" name="validateFileUploadPopup" time="79.084"/>
  <testcase classname="com.qa.sonyops.testcases.HomePageCETest" name="VerifyRefreshIcon" time="16.321"/>
  <testcase classname="com.qa.sonyops.testcases.HomePageCETest" name="ValidateColumnsinHomePage" time="11.289"/>
  <testcase classname="com.qa.sonyops.testcases.HomePageCETest" name="ValidateHomePageEntriesAreDisplaying" time="12.854"/>
</testsuite> <!-- com.qa.sonyops.testcases.HomePageCETest -->
