<?xml version="1.0" encoding="UTF-8"?>
<!-- Generated by org.testng.reporters.JUnitReportReporter -->
<testsuite hostname="Manjushree" failures="0" tests="1" name="com.qa.sonyops.testcases.SubtitlePageTest" time="89.914" errors="0" timestamp="3 May 2020 15:56:16 GMT">
  <testcase classname="com.qa.sonyops.testcases.SubtitlePageTest" name="ValiadteEssenceUpload" time="89.914"/>
</testsuite> <!-- com.qa.sonyops.testcases.SubtitlePageTest -->
