<?xml version="1.0" encoding="UTF-8"?>
<!-- Generated by org.testng.reporters.JUnitReportReporter -->
<testsuite ignored="44" hostname="PFTBLR-RMZ-021" failures="0" tests="2" name="com.qa.sonyops.testcases.CatalogManagerPageTest" time="0.002" errors="1" timestamp="21 Apr 2021 10:58:43 GMT" skipped="1">
  <testcase classname="com.qa.sonyops.testcases.CatalogManagerPageTest" name="setup" time="0.000">
    <error type="java.lang.NullPointerException">
      <![CDATA[java.lang.NullPointerException
	at org.openqa.selenium.support.events.EventFiringWebDriver.extractInterfaces(EventFiringWebDriver.java:120)
	at org.openqa.selenium.support.events.EventFiringWebDriver.<init>(EventFiringWebDriver.java:94)
	at com.qa.sonyops.base.BaseClass.initialisation(BaseClass.java:133)
	at com.qa.sonyops.testcases.CatalogManagerPageTest.setup(CatalogManagerPageTest.java:30)
	at java.base/jdk.internal.reflect.NativeMethodAccessorImpl.invoke0(Native Method)
	at java.base/jdk.internal.reflect.NativeMethodAccessorImpl.invoke(NativeMethodAccessorImpl.java:62)
	at java.base/jdk.internal.reflect.DelegatingMethodAccessorImpl.invoke(DelegatingMethodAccessorImpl.java:43)
	at java.base/java.lang.reflect.Method.invoke(Method.java:567)
	at org.testng.internal.MethodInvocationHelper.invokeMethod(MethodInvocationHelper.java:104)
	at org.testng.internal.Invoker.invokeConfigurationMethod(Invoker.java:515)
	at org.testng.internal.Invoker.invokeConfigurations(Invoker.java:217)
	at org.testng.internal.Invoker.invokeMethod(Invoker.java:590)
	at org.testng.internal.Invoker.invokeTestMethod(Invoker.java:851)
	at org.testng.internal.Invoker.invokeTestMethods(Invoker.java:1177)
	at org.testng.internal.TestMethodWorker.invokeTestMethods(TestMethodWorker.java:129)
	at org.testng.internal.TestMethodWorker.run(TestMethodWorker.java:112)
	at org.testng.TestRunner.privateRun(TestRunner.java:756)
	at org.testng.TestRunner.run(TestRunner.java:610)
	at org.testng.SuiteRunner.runTest(SuiteRunner.java:387)
	at org.testng.SuiteRunner.runSequentially(SuiteRunner.java:382)
	at org.testng.SuiteRunner.privateRun(SuiteRunner.java:340)
	at org.testng.SuiteRunner.run(SuiteRunner.java:289)
	at org.testng.SuiteRunnerWorker.runSuite(SuiteRunnerWorker.java:52)
	at org.testng.SuiteRunnerWorker.run(SuiteRunnerWorker.java:86)
	at org.testng.TestNG.runSuitesSequentially(TestNG.java:1293)
	at org.testng.TestNG.runSuitesLocally(TestNG.java:1218)
	at org.testng.TestNG.runSuites(TestNG.java:1133)
	at org.testng.TestNG.run(TestNG.java:1104)
	at org.testng.remote.AbstractRemoteTestNG.run(AbstractRemoteTestNG.java:115)
	at org.testng.remote.RemoteTestNG.initAndRun(RemoteTestNG.java:251)
	at org.testng.remote.RemoteTestNG.main(RemoteTestNG.java:77)
]]>
    </error>
  </testcase> <!-- setup -->
  <testcase classname="com.qa.sonyops.testcases.CatalogManagerPageTest" name="ValidateCatalogStatus_AfterCatalogIsDone" time="0.002">
    <skipped/>
  </testcase> <!-- ValidateCatalogStatus_AfterCatalogIsDone -->
  <testcase classname="com.qa.sonyops.testcases.LoginPageCETest" name="ValidateLinksOnLoginPage">
    <skipped/>
  </testcase> <!-- ValidateLinksOnLoginPage -->
  <testcase classname="com.qa.sonyops.testcases.LoginPageCETest" name="ValidateClearLogoisDisplayedinLoginPage">
    <skipped/>
  </testcase> <!-- ValidateClearLogoisDisplayedinLoginPage -->
  <testcase classname="com.qa.sonyops.testcases.LoginPageCETest" name="ValidateCopyRightTextOnLoginPage">
    <skipped/>
  </testcase> <!-- ValidateCopyRightTextOnLoginPage -->
  <testcase classname="com.qa.sonyops.testcases.LoginPageCETest" name="ValidateLoginPageTitle">
    <skipped/>
  </testcase> <!-- ValidateLoginPageTitle -->
  <testcase classname="com.qa.sonyops.testcases.CatalogPlayerPageTest" name="ValidateAssetStatusAfterCataloging">
    <skipped/>
  </testcase> <!-- ValidateAssetStatusAfterCataloging -->
  <testcase classname="com.qa.sonyops.testcases.SearchLibraryPageTest" name="ValidateMetaDataInAssetDetailsPopUp">
    <skipped/>
  </testcase> <!-- ValidateMetaDataInAssetDetailsPopUp -->
  <testcase classname="com.qa.sonyops.testcases.SearchLibraryPageTest" name="ValidateStandalonePlayerIsStreaming">
    <skipped/>
  </testcase> <!-- ValidateStandalonePlayerIsStreaming -->
  <testcase classname="com.qa.sonyops.testcases.SearchLibraryPageTest" name="ValidateOpsactionTab">
    <skipped/>
  </testcase> <!-- ValidateOpsactionTab -->
  <testcase classname="com.qa.sonyops.testcases.SearchLibraryPageTest" name="ValidateSortOptionsInSearchLibrary">
    <skipped/>
  </testcase> <!-- ValidateSortOptionsInSearchLibrary -->
  <testcase classname="com.qa.sonyops.testcases.SearchLibraryPageTest" name="ValidateAuditTrialTabDetails">
    <skipped/>
  </testcase> <!-- ValidateAuditTrialTabDetails -->
  <testcase classname="com.qa.sonyops.testcases.SearchLibraryPageTest" name="ValidateCartCount_WithAssetsAdded">
    <skipped/>
  </testcase> <!-- ValidateCartCount_WithAssetsAdded -->
  <testcase classname="com.qa.sonyops.testcases.SearchLibraryPageTest" name="ValidateCartPageIsDisplaying">
    <skipped/>
  </testcase> <!-- ValidateCartPageIsDisplaying -->
  <testcase classname="com.qa.sonyops.testcases.SearchLibraryPageTest" name="ValidateEssenceTabDetails">
    <skipped/>
  </testcase> <!-- ValidateEssenceTabDetails -->
  <testcase classname="com.qa.sonyops.testcases.SearchLibraryPageTest" name="ValidateInformationModeIsDiaplaying">
    <skipped/>
  </testcase> <!-- ValidateInformationModeIsDiaplaying -->
  <testcase classname="com.qa.sonyops.testcases.SearchLibraryPageTest" name="ValidateContentsCount">
    <skipped/>
  </testcase> <!-- ValidateContentsCount -->
  <testcase classname="com.qa.sonyops.testcases.SearchLibraryPageTest" name="ValidateSortOptionsIsDisplaying">
    <skipped/>
  </testcase> <!-- ValidateSortOptionsIsDisplaying -->
  <testcase classname="com.qa.sonyops.testcases.SearchLibraryPageTest" name="ValidateStandalonePlayerIsDisplaying">
    <skipped/>
  </testcase> <!-- ValidateStandalonePlayerIsDisplaying -->
  <testcase classname="com.qa.sonyops.testcases.SearchLibraryPageTest" name="ValidateStreamingFromAssetDetailPopUp">
    <skipped/>
  </testcase> <!-- ValidateStreamingFromAssetDetailPopUp -->
  <testcase classname="com.qa.sonyops.testcases.SearchLibraryPageTest" name="ValidateAssetDetailsIsDisplaying">
    <skipped/>
  </testcase> <!-- ValidateAssetDetailsIsDisplaying -->
  <testcase classname="com.qa.sonyops.testcases.SearchLibraryPageTest" name="ValidateFilterOptionsInSearchLibrary">
    <skipped/>
  </testcase> <!-- ValidateFilterOptionsInSearchLibrary -->
  <testcase classname="com.qa.sonyops.testcases.SearchLibraryPageTest" name="ValidateCart_ErrorMsg_clickedOnEmptyCart">
    <skipped/>
  </testcase> <!-- ValidateCart_ErrorMsg_clickedOnEmptyCart -->
  <testcase classname="com.qa.sonyops.base.BaseClass" name="DeleteTemporaryFolder">
    <skipped/>
  </testcase> <!-- DeleteTemporaryFolder -->
  <testcase classname="com.qa.sonyops.base.BaseClass" name="DeleteTemporaryFolder">
    <skipped/>
  </testcase> <!-- DeleteTemporaryFolder -->
  <testcase classname="com.qa.sonyops.base.BaseClass" name="DeleteTemporaryFolder">
    <skipped/>
  </testcase> <!-- DeleteTemporaryFolder -->
  <testcase classname="com.qa.sonyops.base.BaseClass" name="DeleteTemporaryFolder">
    <skipped/>
  </testcase> <!-- DeleteTemporaryFolder -->
  <testcase classname="com.qa.sonyops.base.BaseClass" name="DeleteTemporaryFolder">
    <skipped/>
  </testcase> <!-- DeleteTemporaryFolder -->
  <testcase classname="com.qa.sonyops.base.BaseClass" name="DeleteTemporaryFolder">
    <skipped/>
  </testcase> <!-- DeleteTemporaryFolder -->
  <testcase classname="com.qa.sonyops.base.BaseClass" name="DeleteTemporaryFolder">
    <skipped/>
  </testcase> <!-- DeleteTemporaryFolder -->
  <testcase classname="com.qa.sonyops.base.BaseClass" name="DeleteTemporaryFolder">
    <skipped/>
  </testcase> <!-- DeleteTemporaryFolder -->
  <testcase classname="com.qa.sonyops.base.BaseClass" name="DeleteTemporaryFolder">
    <skipped/>
  </testcase> <!-- DeleteTemporaryFolder -->
  <testcase classname="com.qa.sonyops.base.BaseClass" name="DeleteTemporaryFolder">
    <skipped/>
  </testcase> <!-- DeleteTemporaryFolder -->
  <testcase classname="com.qa.sonyops.base.BaseClass" name="endReport">
    <skipped/>
  </testcase> <!-- endReport -->
  <testcase classname="com.qa.sonyops.base.BaseClass" name="endReport">
    <skipped/>
  </testcase> <!-- endReport -->
  <testcase classname="com.qa.sonyops.base.BaseClass" name="endReport">
    <skipped/>
  </testcase> <!-- endReport -->
  <testcase classname="com.qa.sonyops.base.BaseClass" name="endReport">
    <skipped/>
  </testcase> <!-- endReport -->
  <testcase classname="com.qa.sonyops.base.BaseClass" name="endReport">
    <skipped/>
  </testcase> <!-- endReport -->
  <testcase classname="com.qa.sonyops.base.BaseClass" name="endReport">
    <skipped/>
  </testcase> <!-- endReport -->
  <testcase classname="com.qa.sonyops.base.BaseClass" name="endReport">
    <skipped/>
  </testcase> <!-- endReport -->
  <testcase classname="com.qa.sonyops.base.BaseClass" name="endReport">
    <skipped/>
  </testcase> <!-- endReport -->
  <testcase classname="com.qa.sonyops.base.BaseClass" name="endReport">
    <skipped/>
  </testcase> <!-- endReport -->
  <testcase classname="com.qa.sonyops.base.BaseClass" name="endReport">
    <skipped/>
  </testcase> <!-- endReport -->
  <testcase classname="com.qa.sonyops.testcases.SmarttaskerPageTest" name="ValidateSmartTaskerColumns">
    <skipped/>
  </testcase> <!-- ValidateSmartTaskerColumns -->
  <testcase classname="com.qa.sonyops.testcases.SmarttaskerPageTest" name="ValidateAllWorkFlowTemplates">
    <skipped/>
  </testcase> <!-- ValidateAllWorkFlowTemplates -->
  <testcase classname="com.qa.sonyops.testcases.SmarttaskerPageTest" name="ValidateWorFlowTemplatesAreListingUnderProcessTemplate">
    <skipped/>
  </testcase> <!-- ValidateWorFlowTemplatesAreListingUnderProcessTemplate -->
</testsuite> <!-- com.qa.sonyops.testcases.CatalogManagerPageTest -->
