<?xml version="1.0" encoding="UTF-8"?>
<!-- Generated by org.testng.reporters.JUnitReportReporter -->
<testsuite hostname="Manjushree" failures="0" tests="5" name="com.qa.sonyops.testcases.CatalogManagerPageTest" time="169.575" errors="0" timestamp="28 Apr 2020 08:29:20 GMT">
  <testcase classname="com.qa.sonyops.testcases.CatalogManagerPageTest" name="ValidateCatalogCompleteStatus" time="31.126"/>
  <testcase classname="com.qa.sonyops.testcases.CatalogManagerPageTest" name="ValidateCatalogStatusPopUpAfterClickingOnInprogressLink" time="30.354"/>
  <testcase classname="com.qa.sonyops.testcases.CatalogManagerPageTest" name="ViewCatalogQCStatusPopUpAndCapturePopUpMessage" time="34.711"/>
  <testcase classname="com.qa.sonyops.testcases.CatalogManagerPageTest" name="SubmitCatalogStatus_CaptureAlert" time="37.828"/>
  <testcase classname="com.qa.sonyops.testcases.CatalogManagerPageTest" name="SubmitCatalogQCStatusAndCapturePopUpMessage" time="35.556"/>
</testsuite> <!-- com.qa.sonyops.testcases.CatalogManagerPageTest -->
