<?xml version="1.0" encoding="UTF-8"?>
<!-- Generated by org.testng.reporters.JUnitReportReporter -->
<testsuite hostname="PFTBLR-RMZ-021" failures="0" tests="3" name="com.qa.sonyops.testcases.LoginPageCETest" time="32.968" errors="0" timestamp="11 Mar 2020 11:19:20 GMT">
  <testcase classname="com.qa.sonyops.testcases.LoginPageCETest" name="ValidateLoginPageTitle" time="7.206"/>
  <testcase classname="com.qa.sonyops.testcases.LoginPageCETest" name="ValidateLoginToCEportal" time="14.410"/>
  <testcase classname="com.qa.sonyops.testcases.LoginPageCETest" name="ValidateClearLogoisDisplayedinLoginPage" time="11.352"/>
</testsuite> <!-- com.qa.sonyops.testcases.LoginPageCETest -->
