<?xml version="1.0" encoding="UTF-8"?>
<!-- Generated by org.testng.reporters.JUnitReportReporter -->
<testsuite hostname="Manjushree" failures="0" tests="2" name="com.qa.sonyops.testcases.SearchLibraryPageTest" time="145.857" errors="0" timestamp="17 Apr 2020 11:48:21 GMT">
  <testcase classname="com.qa.sonyops.testcases.SearchLibraryPageTest" name="ValidateAssetsAreDisplayingInGridView" time="62.611"/>
  <testcase classname="com.qa.sonyops.testcases.SearchLibraryPageTest" name="ValidateAssetsAreDisplayingInListView" time="83.246"/>
</testsuite> <!-- com.qa.sonyops.testcases.SearchLibraryPageTest -->
