<?xml version="1.0" encoding="UTF-8"?>
<!-- Generated by org.testng.reporters.JUnitReportReporter -->
<testsuite hostname="Manjushree" failures="0" tests="6" name="com.qa.sonyops.testcases.OpsPageTest" time="163.093" errors="0" timestamp="8 May 2020 14:18:00 GMT">
  <testcase classname="com.qa.sonyops.testcases.OpsPageTest" name="ValidateAllFilterOptionsAreDisplayingInFilterPopUp" time="22.080"/>
  <testcase classname="com.qa.sonyops.testcases.OpsPageTest" name="ValidateDefaultLandingPage_ForOpsRoleIsShows" time="31.495"/>
  <testcase classname="com.qa.sonyops.testcases.OpsPageTest" name="ValidatePaginationControlsLoading" time="39.105"/>
  <testcase classname="com.qa.sonyops.testcases.OpsPageTest" name="ValidateDashboardIsLoading" time="23.929"/>
  <testcase classname="com.qa.sonyops.testcases.OpsPageTest" name="ValidateFilterPopUpIsDisplayed" time="20.750"/>
  <testcase classname="com.qa.sonyops.testcases.OpsPageTest" name="ValidateSearchResetFunctionality" time="25.734"/>
</testsuite> <!-- com.qa.sonyops.testcases.OpsPageTest -->
