<?xml version="1.0" encoding="UTF-8"?>
<!-- Generated by org.testng.reporters.JUnitReportReporter -->
<testsuite hostname="Manjushree" failures="0" tests="1" name="com.qa.sonyops.testcases.CatalogPageTest" time="41.342" errors="0" timestamp="15 Apr 2020 06:06:12 GMT">
  <testcase classname="com.qa.sonyops.testcases.CatalogPageTest" name="ValidateAutoSuggestionsIsDisplaying" time="41.342"/>
</testsuite> <!-- com.qa.sonyops.testcases.CatalogPageTest -->
