<?xml version="1.0" encoding="UTF-8"?>
<!-- Generated by org.testng.reporters.JUnitReportReporter -->
<testsuite hostname="Manjushree" failures="0" tests="4" name="com.qa.sonyops.testcases.HomePageTest" time="98.706" errors="0" timestamp="28 May 2020 07:38:04 GMT">
  <testcase classname="com.qa.sonyops.testcases.HomePageTest" name="ValidateUserRoleResult" time="28.948"/>
  <testcase classname="com.qa.sonyops.testcases.HomePageTest" name="ValidateHomePageTitle" time="17.595"/>
  <testcase classname="com.qa.sonyops.testcases.HomePageTest" name="ValidateAssetLibrarySearch" time="27.585"/>
  <testcase classname="com.qa.sonyops.testcases.HomePageTest" name="ValidateLandingPageIsLoading" time="24.578"/>
</testsuite> <!-- com.qa.sonyops.testcases.HomePageTest -->
