<?xml version="1.0" encoding="UTF-8"?>
<!-- Generated by org.testng.reporters.JUnitReportReporter -->
<testsuite hostname="Manjushree" failures="0" tests="1" name="com.qa.sonyops.testcases.HomePageTest" time="38.221" errors="0" timestamp="2 Apr 2020 06:57:45 GMT">
  <testcase classname="com.qa.sonyops.testcases.HomePageTest" name="ValidateAssetLibrarySearch" time="38.221"/>
</testsuite> <!-- com.qa.sonyops.testcases.HomePageTest -->
