<?xml version="1.0" encoding="UTF-8"?>
<!-- Generated by org.testng.reporters.JUnitReportReporter -->
<testsuite ignored="2" hostname="PFTBLR-RMZ-021" failures="0" tests="2" name="com.qa.sonyops.testcases.LoginPageCETest" time="16.591" errors="0" timestamp="21 Apr 2021 12:21:17 GMT" skipped="0">
  <testcase classname="com.qa.sonyops.testcases.LoginPageCETest" name="ValidateClearLogoisDisplayedinLoginPage" time="7.688"/>
  <testcase classname="com.qa.sonyops.testcases.LoginPageCETest" name="ValidateLoginPageTitle" time="8.903"/>
  <testcase classname="com.qa.sonyops.base.BaseClass" name="DeleteTemporaryFolder">
    <skipped/>
  </testcase> <!-- DeleteTemporaryFolder -->
  <testcase classname="com.qa.sonyops.base.BaseClass" name="endReport">
    <skipped/>
  </testcase> <!-- endReport -->
</testsuite> <!-- com.qa.sonyops.testcases.LoginPageCETest -->
