<?xml version="1.0" encoding="UTF-8"?>
<!-- Generated by org.testng.reporters.JUnitReportReporter -->
<testsuite hostname="Manjushree" failures="0" tests="10" name="com.qa.sonyops.testcases.HomePageCETest" time="181.411" errors="0" timestamp="15 Apr 2020 05:52:59 GMT">
  <testcase classname="com.qa.sonyops.testcases.HomePageCETest" name="VerifyRefreshIcon" time="14.414"/>
  <testcase classname="com.qa.sonyops.testcases.HomePageCETest" name="ValidateLogoutFromCEportal" time="10.414"/>
  <testcase classname="com.qa.sonyops.testcases.HomePageCETest" name="ValidateHomePage_isDisplayed" time="9.590"/>
  <testcase classname="com.qa.sonyops.testcases.HomePageCETest" name="ValidateUploadDetailsPopup" time="12.355"/>
  <testcase classname="com.qa.sonyops.testcases.HomePageCETest" name="ValidateColumnsinHomePage" time="14.845"/>
  <testcase classname="com.qa.sonyops.testcases.HomePageCETest" name="validateFileUploadPopup" time="72.717"/>
  <testcase classname="com.qa.sonyops.testcases.HomePageCETest" name="ValidateHomePageEntriesAreDisplaying" time="12.402"/>
  <testcase classname="com.qa.sonyops.testcases.HomePageCETest" name="ValidateRefreshFunctionality" time="11.592"/>
  <testcase classname="com.qa.sonyops.testcases.HomePageCETest" name="ValidateTransferHistoryEntries" time="10.736"/>
  <testcase classname="com.qa.sonyops.testcases.HomePageCETest" name="ValidateSearchResult_ForInvalidData" time="12.346"/>
</testsuite> <!-- com.qa.sonyops.testcases.HomePageCETest -->
