<?xml version="1.0" encoding="UTF-8"?>
<!-- Generated by org.testng.reporters.JUnitReportReporter -->
<testsuite hostname="Manjushree" failures="0" tests="5" name="com.qa.sonyops.testcases.SmarttaskerPageTest" time="259.350" errors="0" timestamp="2 Jun 2020 05:55:00 GMT">
  <testcase classname="com.qa.sonyops.testcases.SmarttaskerPageTest" name="ValidateEnteriesUnderProcessTab" time="50.507"/>
  <testcase classname="com.qa.sonyops.testcases.SmarttaskerPageTest" name="ValidateSmartTaskerDashboardIsDisplaying" time="29.615"/>
  <testcase classname="com.qa.sonyops.testcases.SmarttaskerPageTest" name="ValidateCheckBoxStatus" time="35.388"/>
  <testcase classname="com.qa.sonyops.testcases.SmarttaskerPageTest" name="Validate_Go_buttonFunctionality" time="98.705"/>
  <testcase classname="com.qa.sonyops.testcases.SmarttaskerPageTest" name="ValidateVariationInExecutionGraph" time="45.135"/>
</testsuite> <!-- com.qa.sonyops.testcases.SmarttaskerPageTest -->
