<?xml version="1.0" encoding="UTF-8"?>
<!-- Generated by org.testng.reporters.JUnitReportReporter -->
<testsuite hostname="Manjushree" failures="0" tests="1" name="com.qa.sonyops.testcases.CatalogPlayerPageTest" time="39.897" errors="0" timestamp="16 Apr 2020 08:55:45 GMT">
  <testcase classname="com.qa.sonyops.testcases.CatalogPlayerPageTest" name="ValidateEnteringDataInEpisodeStrata" time="39.897"/>
</testsuite> <!-- com.qa.sonyops.testcases.CatalogPlayerPageTest -->
