<?xml version="1.0" encoding="UTF-8"?>
<!-- Generated by org.testng.reporters.JUnitReportReporter -->
<testsuite hostname="Manjushree" failures="0" tests="1" name="com.qa.sonyops.testcases.SmarttaskerPageTest" time="149.836" errors="0" timestamp="10 May 2020 09:11:42 GMT">
  <testcase classname="com.qa.sonyops.testcases.SmarttaskerPageTest" name="check" time="149.836"/>
</testsuite> <!-- com.qa.sonyops.testcases.SmarttaskerPageTest -->
