<?xml version="1.0" encoding="UTF-8"?>
<!-- Generated by org.testng.reporters.JUnitReportReporter -->
<testsuite hostname="Manjushree" failures="0" tests="10" name="com.qa.sonyops.testcases.HomePageCETest" time="179.140" errors="0" timestamp="26 Apr 2020 09:54:08 GMT">
  <testcase classname="com.qa.sonyops.testcases.HomePageCETest" name="VerifyRefreshIcon" time="9.801"/>
  <testcase classname="com.qa.sonyops.testcases.HomePageCETest" name="ValidateColumnsinHomePage" time="14.162"/>
  <testcase classname="com.qa.sonyops.testcases.HomePageCETest" name="ValidateHomePageEntriesAreDisplaying" time="19.078"/>
  <testcase classname="com.qa.sonyops.testcases.HomePageCETest" name="ValidateLogoutFromCEportal" time="11.232"/>
  <testcase classname="com.qa.sonyops.testcases.HomePageCETest" name="ValidateHomePage_isDisplayed" time="9.054"/>
  <testcase classname="com.qa.sonyops.testcases.HomePageCETest" name="ValidateSearchResult_ForInvalidData" time="9.772"/>
  <testcase classname="com.qa.sonyops.testcases.HomePageCETest" name="ValidateUploadDetailsPopup" time="12.894"/>
  <testcase classname="com.qa.sonyops.testcases.HomePageCETest" name="ValidateTransferHistoryEntries" time="9.640"/>
  <testcase classname="com.qa.sonyops.testcases.HomePageCETest" name="validateFileUploadPopup" time="69.409"/>
  <testcase classname="com.qa.sonyops.testcases.HomePageCETest" name="ValidateRefreshFunctionality" time="14.098"/>
</testsuite> <!-- com.qa.sonyops.testcases.HomePageCETest -->
