<?xml version="1.0" encoding="UTF-8"?>
<!-- Generated by org.testng.reporters.JUnitReportReporter -->
<testsuite hostname="Manjushree" failures="0" tests="6" name="com.qa.sonyops.testcases.OpsPageTest" time="146.409" errors="0" timestamp="28 May 2020 07:38:04 GMT">
  <testcase classname="com.qa.sonyops.testcases.OpsPageTest" name="ValidateAllFilterOptionsAreDisplayingInFilterPopUp" time="27.108"/>
  <testcase classname="com.qa.sonyops.testcases.OpsPageTest" name="ValidateDefaultLandingPage_ForOpsRoleIsShows" time="20.604"/>
  <testcase classname="com.qa.sonyops.testcases.OpsPageTest" name="ValidatePaginationControlsLoading" time="34.717"/>
  <testcase classname="com.qa.sonyops.testcases.OpsPageTest" name="ValidateDashboardIsLoading" time="20.831"/>
  <testcase classname="com.qa.sonyops.testcases.OpsPageTest" name="ValidateFilterPopUpIsDisplayed" time="22.705"/>
  <testcase classname="com.qa.sonyops.testcases.OpsPageTest" name="ValidateSearchResetFunctionality" time="20.444"/>
</testsuite> <!-- com.qa.sonyops.testcases.OpsPageTest -->
