<?xml version="1.0" encoding="UTF-8"?>
<!-- Generated by org.testng.reporters.JUnitReportReporter -->
<testsuite hostname="PFTBLR-RMZ-021" failures="0" tests="9" name="com.qa.sonyops.testcases.SmarttaskerPageTest" time="0.001" errors="1" timestamp="2020-09-11T17:29:02 IST" skipped="8">
  <testcase classname="com.qa.sonyops.testcases.SmarttaskerPageTest" name="setUp" time="0.001">
    <error type="java.lang.NullPointerException">
      <![CDATA[java.lang.NullPointerException
at org.openqa.selenium.support.events.EventFiringWebDriver.extractInterfaces(EventFiringWebDriver.java:120)
at org.openqa.selenium.support.events.EventFiringWebDriver.<init>(EventFiringWebDriver.java:94)
at com.qa.sonyops.base.BaseClass.initialisation(BaseClass.java:146)
at com.qa.sonyops.testcases.SmarttaskerPageTest.setUp(SmarttaskerPageTest.java:32)
at java.base/jdk.internal.reflect.NativeMethodAccessorImpl.invoke0(Native Method)
at java.base/jdk.internal.reflect.NativeMethodAccessorImpl.invoke(NativeMethodAccessorImpl.java:62)
at java.base/jdk.internal.reflect.DelegatingMethodAccessorImpl.invoke(DelegatingMethodAccessorImpl.java:43)
at java.base/java.lang.reflect.Method.invoke(Method.java:567)
at org.testng.internal.MethodInvocationHelper.invokeMethod(MethodInvocationHelper.java:132)
at org.testng.internal.MethodInvocationHelper.invokeMethodConsideringTimeout(MethodInvocationHelper.java:61)
at org.testng.internal.ConfigInvoker.invokeConfigurationMethod(ConfigInvoker.java:366)
at org.testng.internal.ConfigInvoker.invokeConfigurations(ConfigInvoker.java:320)
at org.testng.internal.TestInvoker.runConfigMethods(TestInvoker.java:701)
at org.testng.internal.TestInvoker.invokeMethod(TestInvoker.java:527)
at org.testng.internal.TestInvoker.invokeTestMethod(TestInvoker.java:174)
at org.testng.internal.MethodRunner.runInSequence(MethodRunner.java:46)
at org.testng.internal.TestInvoker$MethodInvocationAgent.invoke(TestInvoker.java:822)
at org.testng.internal.TestInvoker.invokeTestMethods(TestInvoker.java:147)
at org.testng.internal.TestMethodWorker.invokeTestMethods(TestMethodWorker.java:146)
at org.testng.internal.TestMethodWorker.run(TestMethodWorker.java:128)
at java.base/java.util.ArrayList.forEach(ArrayList.java:1540)
at org.testng.TestRunner.privateRun(TestRunner.java:764)
at org.testng.TestRunner.run(TestRunner.java:585)
at org.testng.SuiteRunner.runTest(SuiteRunner.java:384)
at org.testng.SuiteRunner.runSequentially(SuiteRunner.java:378)
at org.testng.SuiteRunner.privateRun(SuiteRunner.java:337)
at org.testng.SuiteRunner.run(SuiteRunner.java:286)
at org.testng.SuiteRunnerWorker.runSuite(SuiteRunnerWorker.java:53)
at org.testng.SuiteRunnerWorker.run(SuiteRunnerWorker.java:96)
at org.testng.TestNG.runSuitesSequentially(TestNG.java:1218)
at org.testng.TestNG.runSuitesLocally(TestNG.java:1140)
at org.testng.TestNG.runSuites(TestNG.java:1069)
at org.testng.TestNG.run(TestNG.java:1037)
at org.testng.remote.AbstractRemoteTestNG.run(AbstractRemoteTestNG.java:115)
at org.testng.remote.RemoteTestNG.initAndRun(RemoteTestNG.java:251)
at org.testng.remote.RemoteTestNG.main(RemoteTestNG.java:77)
]]>
    </error>
  </testcase> <!-- setUp -->
  <system-out/>
  <testcase classname="com.qa.sonyops.testcases.SmarttaskerPageTest" name="ValidateSmartTaskerDashboardIsDisplaying" time="0.000">
    <skipped/>
  </testcase> <!-- ValidateSmartTaskerDashboardIsDisplaying -->
  <system-out/>
  <testcase classname="com.qa.sonyops.testcases.SmarttaskerPageTest" name="ValidateEnteriesUnderProcessTab" time="0.000">
    <skipped/>
  </testcase> <!-- ValidateEnteriesUnderProcessTab -->
  <system-out/>
  <testcase classname="com.qa.sonyops.testcases.SmarttaskerPageTest" name="ValidateCheckBoxStatus" time="0.000">
    <skipped/>
  </testcase> <!-- ValidateCheckBoxStatus -->
  <system-out/>
  <testcase classname="com.qa.sonyops.testcases.SmarttaskerPageTest" name="Validate_Go_buttonFunctionality" time="0.000">
    <skipped/>
  </testcase> <!-- Validate_Go_buttonFunctionality -->
  <system-out/>
  <testcase classname="com.qa.sonyops.testcases.SmarttaskerPageTest" name="ValidateVariationInExecutionGraph" time="0.000">
    <skipped/>
  </testcase> <!-- ValidateVariationInExecutionGraph -->
  <system-out/>
  <testcase classname="com.qa.sonyops.testcases.SmarttaskerPageTest" name="ValidateSmartTaskerColumns">
    <skipped/>
  </testcase> <!-- ValidateSmartTaskerColumns -->
  <system-out/>
  <testcase classname="com.qa.sonyops.testcases.SmarttaskerPageTest" name="ValidateAllWorkFlowTemplates">
    <skipped/>
  </testcase> <!-- ValidateAllWorkFlowTemplates -->
  <system-out/>
  <testcase classname="com.qa.sonyops.testcases.SmarttaskerPageTest" name="ValidateWorFlowTemplatesAreListingUnderProcessTemplate">
    <skipped/>
  </testcase> <!-- ValidateWorFlowTemplatesAreListingUnderProcessTemplate -->
  <system-out/>
</testsuite> <!-- com.qa.sonyops.testcases.SmarttaskerPageTest -->
