<?xml version="1.0" encoding="UTF-8"?>
<!-- Generated by org.testng.reporters.JUnitReportReporter -->
<testsuite hostname="Manjushree" failures="0" tests="1" name="com.qa.sonyops.testcases.OpsPageTest" time="22.060" errors="0" timestamp="18 Apr 2020 11:09:16 GMT">
  <testcase classname="com.qa.sonyops.testcases.OpsPageTest" name="ValidateSearchResetFunctionality" time="22.060"/>
</testsuite> <!-- com.qa.sonyops.testcases.OpsPageTest -->
