<?xml version="1.0" encoding="UTF-8"?>
<!-- Generated by org.testng.reporters.JUnitReportReporter -->
<testsuite hostname="PFTBLR-RMZ-021" failures="0" tests="11" name="com.qa.sonyops.testcases.HomePageCETest" time="0.002" errors="1" timestamp="2020-09-11T17:29:02 IST" skipped="10">
  <testcase classname="com.qa.sonyops.testcases.HomePageCETest" name="setup" time="0.002">
    <error type="java.lang.NullPointerException">
      <![CDATA[java.lang.NullPointerException
at org.openqa.selenium.support.events.EventFiringWebDriver.extractInterfaces(EventFiringWebDriver.java:120)
at org.openqa.selenium.support.events.EventFiringWebDriver.<init>(EventFiringWebDriver.java:94)
at com.qa.sonyops.base.BaseClass.initialisation(BaseClass.java:146)
at com.qa.sonyops.testcases.HomePageCETest.setup(HomePageCETest.java:30)
at java.base/jdk.internal.reflect.NativeMethodAccessorImpl.invoke0(Native Method)
at java.base/jdk.internal.reflect.NativeMethodAccessorImpl.invoke(NativeMethodAccessorImpl.java:62)
at java.base/jdk.internal.reflect.DelegatingMethodAccessorImpl.invoke(DelegatingMethodAccessorImpl.java:43)
at java.base/java.lang.reflect.Method.invoke(Method.java:567)
at org.testng.internal.MethodInvocationHelper.invokeMethod(MethodInvocationHelper.java:132)
at org.testng.internal.MethodInvocationHelper.invokeMethodConsideringTimeout(MethodInvocationHelper.java:61)
at org.testng.internal.ConfigInvoker.invokeConfigurationMethod(ConfigInvoker.java:366)
at org.testng.internal.ConfigInvoker.invokeConfigurations(ConfigInvoker.java:320)
at org.testng.internal.TestInvoker.runConfigMethods(TestInvoker.java:701)
at org.testng.internal.TestInvoker.invokeMethod(TestInvoker.java:527)
at org.testng.internal.TestInvoker.invokeTestMethod(TestInvoker.java:174)
at org.testng.internal.MethodRunner.runInSequence(MethodRunner.java:46)
at org.testng.internal.TestInvoker$MethodInvocationAgent.invoke(TestInvoker.java:822)
at org.testng.internal.TestInvoker.invokeTestMethods(TestInvoker.java:147)
at org.testng.internal.TestMethodWorker.invokeTestMethods(TestMethodWorker.java:146)
at org.testng.internal.TestMethodWorker.run(TestMethodWorker.java:128)
at java.base/java.util.ArrayList.forEach(ArrayList.java:1540)
at org.testng.TestRunner.privateRun(TestRunner.java:764)
at org.testng.TestRunner.run(TestRunner.java:585)
at org.testng.SuiteRunner.runTest(SuiteRunner.java:384)
at org.testng.SuiteRunner.runSequentially(SuiteRunner.java:378)
at org.testng.SuiteRunner.privateRun(SuiteRunner.java:337)
at org.testng.SuiteRunner.run(SuiteRunner.java:286)
at org.testng.SuiteRunnerWorker.runSuite(SuiteRunnerWorker.java:53)
at org.testng.SuiteRunnerWorker.run(SuiteRunnerWorker.java:96)
at org.testng.TestNG.runSuitesSequentially(TestNG.java:1218)
at org.testng.TestNG.runSuitesLocally(TestNG.java:1140)
at org.testng.TestNG.runSuites(TestNG.java:1069)
at org.testng.TestNG.run(TestNG.java:1037)
at org.testng.remote.AbstractRemoteTestNG.run(AbstractRemoteTestNG.java:115)
at org.testng.remote.RemoteTestNG.initAndRun(RemoteTestNG.java:251)
at org.testng.remote.RemoteTestNG.main(RemoteTestNG.java:77)
]]>
    </error>
  </testcase> <!-- setup -->
  <system-out/>
  <testcase classname="com.qa.sonyops.testcases.HomePageCETest" name="ValidateHomePage_isDisplayed" time="0.000">
    <skipped/>
  </testcase> <!-- ValidateHomePage_isDisplayed -->
  <system-out/>
  <testcase classname="com.qa.sonyops.testcases.HomePageCETest" name="VerifyRefreshIcon" time="0.000">
    <skipped/>
  </testcase> <!-- VerifyRefreshIcon -->
  <system-out/>
  <testcase classname="com.qa.sonyops.testcases.HomePageCETest" name="ValidateColumnsinHomePage" time="0.000">
    <skipped/>
  </testcase> <!-- ValidateColumnsinHomePage -->
  <system-out/>
  <testcase classname="com.qa.sonyops.testcases.HomePageCETest" name="ValidateTransferHistoryEntries" time="0.000">
    <skipped/>
  </testcase> <!-- ValidateTransferHistoryEntries -->
  <system-out/>
  <testcase classname="com.qa.sonyops.testcases.HomePageCETest" name="ValidateHomePageEntriesAreDisplaying" time="0.000">
    <skipped/>
  </testcase> <!-- ValidateHomePageEntriesAreDisplaying -->
  <system-out/>
  <testcase classname="com.qa.sonyops.testcases.HomePageCETest" name="validateFileUploadPopup" time="0.000">
    <skipped/>
  </testcase> <!-- validateFileUploadPopup -->
  <system-out/>
  <testcase classname="com.qa.sonyops.testcases.HomePageCETest" name="ValidateUploadDetailsPopup" time="0.000">
    <skipped/>
  </testcase> <!-- ValidateUploadDetailsPopup -->
  <system-out/>
  <testcase classname="com.qa.sonyops.testcases.HomePageCETest" name="ValidateLogoutFromCEportal" time="0.000">
    <skipped/>
  </testcase> <!-- ValidateLogoutFromCEportal -->
  <system-out/>
  <testcase classname="com.qa.sonyops.testcases.HomePageCETest" name="ValidateSearchResult_ForInvalidData" time="0.000">
    <skipped/>
  </testcase> <!-- ValidateSearchResult_ForInvalidData -->
  <system-out/>
  <testcase classname="com.qa.sonyops.testcases.HomePageCETest" name="ValidateRefreshFunctionality" time="0.000">
    <skipped/>
  </testcase> <!-- ValidateRefreshFunctionality -->
  <system-out/>
</testsuite> <!-- com.qa.sonyops.testcases.HomePageCETest -->
