<?xml version="1.0" encoding="UTF-8"?>
<!-- Generated by org.testng.reporters.JUnitReportReporter -->
<testsuite hostname="Manjushree" failures="0" tests="4" name="com.qa.sonyops.testcases.HomePageTest" time="155.599" errors="0" timestamp="6 May 2020 09:56:42 GMT">
  <testcase classname="com.qa.sonyops.testcases.HomePageTest" name="ValidateUserRoleResult" time="77.465"/>
  <testcase classname="com.qa.sonyops.testcases.HomePageTest" name="ValidateLandingPageIsLoading" time="23.080"/>
  <testcase classname="com.qa.sonyops.testcases.HomePageTest" name="ValidateHomePageTitle" time="26.981"/>
  <testcase classname="com.qa.sonyops.testcases.HomePageTest" name="ValidateAssetLibrarySearch" time="28.073"/>
</testsuite> <!-- com.qa.sonyops.testcases.HomePageTest -->
