<?xml version="1.0" encoding="UTF-8"?>
<!-- Generated by org.testng.reporters.JUnitReportReporter -->
<testsuite hostname="Manjushree" failures="0" tests="2" name="com.qa.sonyops.testcases.SearchLibraryPageTest" time="60.560" errors="0" timestamp="28 May 2020 07:38:04 GMT">
  <testcase classname="com.qa.sonyops.testcases.SearchLibraryPageTest" name="ValidateAssetsAreDisplayingInGridView" time="28.069"/>
  <testcase classname="com.qa.sonyops.testcases.SearchLibraryPageTest" name="ValidateAssetsAreDisplayingInListView" time="32.491"/>
</testsuite> <!-- com.qa.sonyops.testcases.SearchLibraryPageTest -->
